 F01    1028.7697    801.2143      3.8520
 F02W   1004.0344    719.8875      2.6020
 A01     895.2902    642.5219      1.0590
 A02W    876.5038    638.6600      2.0150
 A03     863.6393    637.9966      1.9550
 S01W    874.7007    580.2262      1.9800
 A04W    847.6689    635.7939      2.2300
 A05     831.7440    633.3713      2.3680
 A06W    814.3352    630.6959      2.1370
 A07     805.6403    630.0019      2.4850
 A08W    789.7573    627.9551      2.2900
 A09     773.7173    625.6902      2.4550
 S02W    781.6163    552.6943      2.0430
 A10W    757.2465    624.1583      1.8790
 A11     730.8817    621.5505      1.9900
 A12W    705.2470    616.3698      2.5740
 A13     673.6331    612.3969      2.6740
 A14W    600.0477    602.9241      0.8840
 C17W    662.5569    700.7588      2.8220
 C16W    727.3331    678.4445      2.2130
 C15     712.6559    736.1129      2.5120
 C12     755.9523    756.4844      2.5870
 C07W    771.3743    772.4144      2.6480
 C04     798.5779    762.2028      2.1970
 C08W    782.3552    745.5650      2.7850
 C13     768.3968    713.5042      2.2800
 C09W    793.9756    714.1710      2.5370
 C05W    816.1724    719.0315      2.2890
 C10W    800.4531    690.0249      2.1620
 C14     778.4888    670.5959      2.2860
 C11W    807.3840    661.1705      2.2140
 C06     823.1852    679.4180      2.4060
 C03W    856.5247    696.8655      2.0840
 C02     837.3099    753.5231      2.0620
 C01W    885.4902    762.4482      1.6550
 B01W    881.6230    820.5492      1.7230
 B02     861.8708    817.1189      1.4950
 B03     839.7195    812.9084      2.0150
 B04W    822.4109    810.4275      2.1970
 B05W    802.7437    807.3097      2.3490
 B06     786.8989    805.0839      2.2010
 N01W    784.1196    899.2231      2.3250
 B07W    770.7722    802.9735      2.6230
 B08     760.8025    801.4456      2.6250
 B09W    744.7877    801.1508      2.6260
 B10     728.7350    799.0103      2.2370
 B11W    712.7496    794.3463      2.0600
 B12     686.8133    791.2273      2.3350
 N02W    679.0591    880.9504      2.7170
 N03W    598.9702    883.9188      2.3040
 B13     619.8298    783.9384      2.0770
 B14W    535.9385    772.8430      2.2190
 MSVF     77.1697    704.9688      0.0000
 LKBA    411.8955    815.2900      0.0000
 VABL    350.1403    903.4610      0.0000
 CICA    336.3763    836.6626      0.0000
 MOAL    307.0844    717.7014      0.0000
 DEBA    102.7342    654.4624      0.0000
 TVNI    228.8189    909.6974      0.0000
 LBSA    141.4244    886.9056      0.0000
 KDVU    153.2005    581.0049      0.0000
 NADI     20.5420    679.3302      0.0000
 FOA     938.3580    887.8217      0.0000
 NMKA    914.0420    810.4713      0.0000
 FONI    931.6826    816.8029      0.0000
 PNGI    936.9980    876.0543      0.0000
 VAVP    914.8193   1017.1265      0.0000
 TNGA    901.5834    704.2073      0.0000
 EUAP    961.5530    687.0057      0.0000
 SUVA    135.4866    688.1107      0.0000
