  184.9877   -21.4486    59.8167
  183.9403   -21.0021   189.5062
  184.6228   -20.0291   179.2744
  185.4679   -20.8052    66.1092
  185.0073   -19.4698   146.2841
  182.5998   -20.6561   515.3760
  185.5400   -19.2560    75.3358
  184.1377   -18.9786   288.8877
  183.7383   -21.1880   212.6418
  182.7253   -20.5166   462.3136
  184.8793   -21.2961    67.3311
  184.8313   -20.5617   100.1972
  182.4010   -20.6386   482.8177
  183.7721   -21.4259   195.2079
  183.7861   -21.7022   177.2180
  185.5775   -19.4721    78.7959
  185.4303   -19.9568    76.7376
  184.4357   -21.8200    90.5907
  182.6083   -19.5786   388.9725
  184.0693   -20.6738   201.8998
  184.6913   -20.4025   191.8792
  183.8851   -21.0909   185.1701
  184.4555   -20.4003   168.4243
  185.4037   -19.6550   108.0761
  182.4963   -20.8596   530.2778
  182.5360   -20.8855   459.8030
  183.6773   -21.9324   178.4229
  183.8013   -21.6620   180.2732
  183.1960   -21.4831   245.9268
  182.6679   -21.1353   390.7909
  184.2661   -20.3826   189.9282
  184.4016   -20.1745   196.7536
  183.8712   -21.0586   190.8480
  183.8074   -21.5746   178.5245
  185.1263   -19.5842   125.4163
  185.1699   -20.1215   144.2877
  184.8339   -19.5846   226.7028
  184.4899   -19.1236   247.6481
  183.5715   -20.9507   218.5821
  184.1791   -20.3834   191.5645
  184.1452   -20.1179   230.7979
  184.9881   -20.4161   106.5275
  183.1640   -18.6876   350.0799
  182.7571   -20.2597   493.9322
  183.8768   -21.1868   187.8433
  183.8017   -21.5722   185.1907
  184.6696   -21.2443    90.6160
  184.4394   -19.6456   226.2806
  183.1613   -19.5554   332.5040
  182.3353   -18.0118   631.0661
  181.9255   -17.7675   620.9924
  181.4403   -17.6740   561.3976
  181.6688   -17.6195   552.9768
  182.5994   -18.8759   652.9182
  182.7551   -18.8075   581.6651
  182.6326   -18.7479   668.6331
  182.3523   -18.1209   661.7611
  181.6910   -17.7343   595.9933
  181.7466   -17.1564   663.9534
  182.0401   -17.8504   588.2671
  181.7951   -20.1716   616.9957
  182.1327   -18.1409   511.6235
  181.7262   -21.1173   614.8606
  181.6542   -20.6395   659.6620
  182.4126   -20.7191   550.6830
  182.7246   -20.3351   527.3725
  181.5491   -17.1110   552.3691
  181.7696   -17.8316   606.1647
  181.5328   -20.8716   706.3101
  180.1714   -24.8070   665.5360
  183.8417   -21.2794   194.1420
  182.4685   -19.6650   404.5741
  185.1192   -19.9147   123.2345
  183.8384   -21.0319   220.9148
  183.5885   -21.4169   220.8897
  182.4725   -20.7439   504.8144
  182.5837   -19.9047   427.7114
  182.3768   -19.8575   401.5372
  182.2722   -20.5618   601.4592
  182.5420   -20.4645   505.2869
  182.3995   -18.1962   594.3084
  182.6198   -20.2691   580.4589
  181.8403   -17.8341   638.8825
  182.2228   -21.4762   527.1661
  182.8522   -19.1664   603.9713
  182.4598   -20.9593   516.3511
  182.7326   -20.3612   523.2154
  181.0651   -24.0153   577.1239
  182.2003   -20.1432   573.2053
  181.9037   -19.9663   660.5722
  182.5103   -18.8095   515.9907
  182.8798   -19.1572   581.8197
  182.3075   -17.9427   682.9754
  182.7511   -20.1615   524.7501
  182.7230   -19.0420   625.5571
  182.5094   -18.2340   567.7785
  181.2147   -17.5483   529.4650
  182.2561   -18.8106   465.9037
  181.8220   -17.9039   674.9786
  181.7666   -21.2618   575.2248
  182.8297   -19.7951   549.8484
  182.4543   -18.0748   604.3633
  181.5142   -20.8650   617.5494
  181.8029   -17.9493   607.2103
  181.9971   -20.9623   493.9550
  182.5547   -19.7210   619.2201
  182.4359   -20.5263   613.2357
  182.5325   -20.6408   575.2587
  180.8054   -23.6608   578.0887
  182.3660   -19.8216   422.6421
  180.0136   -24.6129   635.3733
  181.5234   -17.8554   569.1121
  183.1926   -20.5063   295.2684
  182.7118   -19.5791   567.8808
  181.4359   -17.5584   582.5963
  181.6738   -20.9744   632.8889
  181.5815   -17.9306   638.9211
  182.0160   -17.8788   623.0147
  182.6031   -18.8997   510.4879
  182.1985   -21.9853   393.2494
  181.8273   -17.7643   520.4322
  182.0381   -17.7898   609.8516
  182.5637   -18.1908   573.6354
  182.7194   -19.9465   552.1470
  182.0781   -17.8706   546.8268
  182.7551   -19.3396   580.5977
  182.6095   -19.2032   580.3215
  178.3124   -24.7676   766.0360
  181.8270   -20.8741   616.2988
  182.3845   -20.2209   530.9888
  182.6337   -20.1163   538.1637
  182.0124   -17.7060   574.0818
  181.9009   -22.7892   403.5882
  180.8405   -21.9949   709.6464
  180.3965   -24.3559   613.0488
  181.6432   -17.4607   550.2314
  180.0619   -23.6241   646.3342
  182.5831   -18.3696   637.1009
  182.6774   -20.3010   523.9020
  181.8269   -20.7718   559.5952
  182.4853   -21.5047   391.9231
  182.4934   -18.8135   621.6165
  180.6311   -22.4251   676.8890
  181.3088   -17.1262   528.1264
  182.8806   -20.1355   491.4471
  182.6149   -20.1569   524.3335
  180.5362   -23.9139   641.2487
  181.8183   -17.7508   583.9932
  181.5955   -17.5755   555.2848
  181.6221   -20.4148   689.5432
  180.2830   -24.0922   639.7230
  181.4284   -22.5849   582.4708
  183.6103   -19.2428   312.4042
  184.8620   -20.5412   104.0877
  183.6864   -21.5243   201.0280
  184.9102   -20.2322   111.3859
  184.2648   -20.3126   202.6597
  184.4265   -20.5056   161.2251
  184.4140   -19.8489   247.1728
  182.6319   -21.2881   448.5985
  184.4773   -19.4933   230.9173
  183.6955   -21.5559   199.2012
  185.2772   -20.9303    93.7731
  185.5587   -19.3852    71.4279
  184.7210   -21.8615   104.5406
  182.7342   -20.4057   467.7136
  184.6628   -21.4476    76.9594
  184.3074   -21.8945   146.3007
  185.1931   -20.6556   115.7282
  182.3309   -18.5506   425.5095
  183.6983   -21.7999   175.5182
  183.0150   -18.8976   394.9300
  183.8750   -21.2296   191.4067
  183.6561   -20.4907   257.8024
  182.5394   -21.1503   459.3773
  185.2572   -20.2020    76.3480
  183.8605   -20.9891   207.5422
  185.0693   -21.1707    64.1219
  183.2793   -20.4499   321.8775
  184.3557   -22.1437   140.3722
  184.8710   -21.0941    72.9715
  185.0807   -21.3096    62.8086
  183.8596   -18.9682   325.6051
  182.7708   -20.1874   495.7306
  184.9045   -20.5798    91.6202
  184.0461   -21.3528   164.8245
  184.4008   -20.5922   223.1196
  182.5299   -21.1638   473.4123
  184.4077   -21.0453   132.2889
  183.8217   -21.6562   176.1852
  184.1838   -20.7276   175.9908
  185.0759   -20.0138   157.5879
  185.1932   -19.7116   101.6475
  185.3410   -19.1526   140.1823
  184.2984   -21.9469   148.1555
  184.7742   -18.7769   226.5904
  182.9357   -20.2408   489.2350
  184.2887   -21.8446   154.7150
  184.4893   -19.5652   229.1090
  185.1215   -20.2907    94.4485
  184.6112   -20.9543   114.1129
  184.1779   -21.0235   154.8405
  183.4877   -20.8963   256.5758
  183.8021   -21.7450   168.1453
  184.1347   -21.1157   157.8627
  183.8738   -21.6081   185.0018
  184.4204   -19.0802   246.1661
  182.3225   -17.2546   394.4533
  183.5562   -20.5634   268.4182
  184.6968   -21.4705    78.2890
  184.5459   -19.9864   236.9206
  184.7320   -21.3840    77.8122
  185.0489   -18.9573   242.0922
  184.4144   -20.9579   125.5711
  184.6616   -19.0432   223.6003
  182.7651   -20.2178   424.9842
  184.0655   -20.9390   186.7069
  184.5869   -19.5117   214.1904
  182.7749   -20.2473   480.7751
  182.3597   -19.5950   470.5234
  184.3177   -19.7239   228.6896
  184.9341   -20.6442    95.4254
  184.4693   -20.0136   249.7164
  185.4724   -20.1063    79.8858
  185.0621   -20.0483   155.4626
  184.2955   -20.2814   207.1346
  184.9817   -19.8751   134.4438
  182.4579   -18.7723   495.1120
  183.8724   -21.1635   177.2830
  182.7821   -20.0848   568.2442
  185.5662   -20.4704    91.6269
  183.8835   -21.0974   179.6808
  184.2527   -19.9146   229.7801
  180.7400   -23.2198   578.9701
  184.2225   -20.0934   279.3489
  180.6870   -23.2592   587.7662
  181.4813   -17.6695   564.5785
  181.8419   -20.7671   601.6616
  182.6681   -20.2479   508.7374
  182.2669   -20.4616   551.2964
  180.8609   -22.0103   650.6503
  180.8191   -22.2363   645.4002
  182.5903   -19.9620   363.5288
  182.3865   -19.7853   412.2959
  182.0087   -18.0650   576.9258
  181.4835   -17.7080   569.3477
  181.8179   -21.5678   452.8133
  181.8788   -21.0855   589.6190
  182.1834   -21.4519   429.3150
  181.1373   -22.3464   502.4251
  181.7104   -17.7307   577.5739
  180.8384   -21.9801   653.7807
  182.3891   -19.6780   617.1059
  182.6990   -19.3719   518.4229
  181.3023   -17.2155   577.3204
  180.7145   -23.0042   753.4901
  180.9248   -21.9719   640.3351
  181.5966   -17.6626   568.9919
  182.8090   -19.2780   573.9581
  182.1649   -20.1518   573.0330
  182.4815   -20.0863   386.9450
  181.9357   -22.4334   389.3744
  182.5302   -19.8970   618.9741
  182.6661   -17.3206   394.7167
  180.2853   -22.7805   717.1445
  182.8656   -19.0600   398.3921
  182.4786   -19.6671   561.2898
  183.7215   -21.7908   182.5393
  181.7419   -20.5609   617.3318
  182.0464   -21.0187   583.4272
  181.8769   -17.7758   622.2336
  183.8191   -21.6627   182.3024
  181.0619   -22.0416   621.8130
  182.3245   -18.0371   596.2435
  182.4853   -20.3456   554.9726
  182.5380   -19.8213   578.2325
  180.9630   -17.3002   527.8263
  182.3245   -19.7883   651.1237
  182.8254   -19.9424   553.1425
  181.7040   -20.8718   604.5462
  182.4782   -19.6039   642.2514
  182.1005   -18.0255   616.9860
  182.0044   -20.5902   577.4812
  184.4949   -20.4158   160.2905
  182.5716   -20.3426   583.7908
  181.1571   -20.2488   765.6083
  182.1236   -18.1660   580.6920
  182.0639   -21.2749   490.6164
  184.3615   -19.7535   226.5878
  182.0458   -20.6712   566.3714
  182.5111   -18.3157   586.6314
  182.6856   -20.3421   505.4737
  180.9866   -22.1466   632.2734
  180.7737   -22.4869   718.0166
  182.3473   -21.9018   383.5596
  182.4421   -20.5814   577.4780
  182.0803   -17.9740   595.6951
  183.9445   -21.0703   200.9742
  182.6418   -18.7519   631.9280
  180.8737   -22.1088   613.9389
  180.9164   -22.2481   749.8125
  184.5225   -22.5243    57.5531
  181.1061   -17.2529   572.8308
  182.4217   -19.6565   613.7031
  181.7579   -20.5226   700.9098
  182.0556   -17.7397   620.5357
  181.4593   -17.8920   528.5404
  182.5567   -19.9504   433.5509
  182.7712   -20.3494   509.5714
  182.3975   -21.7485   403.1461
  182.6432   -20.2992   530.2053
  182.4760   -19.5183   588.6962
  181.8404   -17.3751   542.2067
  181.6871   -20.3458   698.4339
  182.4445   -19.8320   451.1389
  182.6268   -20.4070   510.6081
  180.6201   -22.7552   728.0805
  185.6048   -19.6823    70.6773
  182.8006   -19.2690   556.3945
  182.5144   -19.9606   418.4649
  182.6070   -20.5570   547.4528
  183.8787   -21.2178   194.5809
  181.6542   -21.0830   681.1604
  182.3146   -20.8747   569.8415
  181.9722   -17.8783   654.1772
  181.1847   -20.1290   746.2320
  180.2145   -24.2926   593.7940
  182.3635   -21.0621   487.2159
  181.7152   -17.6002   584.9610
  182.6659   -20.3478   541.6501
  181.2737   -22.1935   678.5852
  181.9127   -20.7239   569.2579
  181.8652   -17.8507   615.2303
  182.3065   -20.1571   559.4031
  181.3108   -17.7263   525.2910
  184.4848   -18.8433   258.5988
  182.5942   -20.4459   568.0177
  181.9066   -20.9283   647.2849
  182.7312   -19.9190   581.1128
  181.1303   -17.2715   504.0245
  181.7087   -17.7335   582.1839
  181.4933   -17.5461   551.3681
  182.4325   -19.7496   416.8914
  181.2220   -17.6379   524.8292
  182.0889   -17.8863   687.5261
  182.1707   -18.4592   468.5259
  181.7613   -17.6881   669.8397
  182.5557   -18.2165   517.1257
  181.3906   -17.6172   554.1260
  181.5528   -17.4099   514.4754
  182.0499   -20.7267   591.1483
  181.1798   -17.4970   523.2348
  181.8806   -17.9611   681.1758
  181.9671   -20.0479   610.3654
  182.1653   -20.4316   544.5807
  182.5521   -20.2504   547.9159
  181.5423   -21.1602   550.5922
  182.9835   -19.7051   529.5037
  182.7803   -20.1158   489.4052
  182.7532   -19.9679   493.3373
  182.0594   -21.4678   594.6086
  182.6816   -20.6225   448.0102
  182.4566   -18.0610   516.9430
  182.6463   -19.3657   368.2715
  182.8093   -20.1171   494.0360
  183.2092   -19.4224   335.0896
  181.9848   -22.9764   406.3746
  182.5682   -20.2860   564.6545
  181.8961   -17.1475   540.8314
  182.5259   -20.8039   471.0190
  182.9028   -20.1180   484.9737
  182.6954   -20.0200   517.0777
  182.7093   -20.2023   536.3235
  182.8605   -19.5180   539.1606
  182.2733   -19.8341   602.6269
  182.6150   -18.0208   607.7906
  180.8671   -23.1952   488.7442
  182.5502   -21.1985   421.8914
  182.0730   -20.3426   611.6305
  184.3999   -19.6168   235.7448
  182.8565   -19.6945   515.2917
  182.6856   -20.8073   476.8297
  182.1341   -20.4702   537.6100
  181.4689   -21.6295   582.9001
  183.7664   -20.7465   272.2482
  180.9817   -21.9970   633.2061
  185.2977   -19.6825    90.0341
  184.0024   -20.8200   208.2930
  184.3925   -20.1557   193.9343
  185.4883   -20.1438   106.2338
  184.3905   -20.3312   190.4759
  184.6730   -21.4557    88.6467
  184.6330   -19.4983   191.9009
  182.7509   -20.1281   470.2695
  185.4218   -19.9233    73.2134
  182.7637   -20.8192   438.7922
  184.4067   -20.2261   218.3575
  185.1949   -20.8931    66.8635
  185.3954   -20.0362    75.5372
  184.0997   -19.8707   240.4622
  183.9086   -21.0707   186.9485
  184.1024   -20.4871   226.1791
  183.8739   -21.8533   127.6706
  184.0499   -21.4626   155.8426
  184.5961   -20.9650   108.1399
  183.9976   -20.0302   238.4158
  184.7234   -21.7152    69.2652
  185.3824   -20.7496    81.7078
  183.6913   -21.7770   184.5680
  183.9911   -20.7843   213.3286
  185.1103   -20.7949    75.3526
  184.6017   -18.7848   238.9022
  185.0955   -19.3749   126.2684
  184.3733   -20.5162   161.5389
  184.1675   -22.1229   114.7268
  184.2660   -20.1205   222.4274
  185.0816   -20.7400    73.7006
  184.9422   -18.8607   183.0915
  182.9051   -21.1242   339.1336
  184.2889   -20.6391   174.3298
  182.7722   -20.5908   492.5691
  184.8148   -18.9972   200.8736
  183.5947   -19.1774   307.9662
  184.9489   -19.3603   156.0888
  183.6974   -21.6923   167.0923
  184.1662   -19.8776   244.3446
  182.7795   -18.8897   391.7415
  184.3774   -19.9389   240.3305
  183.9909   -21.4652   159.5863
  185.3746   -19.2926    87.9980
  182.6520   -20.1012   379.4875
  184.4944   -22.1659    67.3826
  182.6131   -19.9314   421.9224
  184.7065   -20.5930   117.5508
  183.5506   -21.6465   202.6618
  185.9478   -20.2714    39.2856
  185.2064   -19.5047   157.9400
  184.8590   -21.0973    75.2243
  183.7626   -21.6588   170.2610
  184.1330   -21.4385   152.8186
  183.5237   -21.1527   270.2670
  183.4933   -19.1869   348.0166
  185.0327   -19.8580   173.8566
  184.8585   -20.0570   173.4234
  182.4791   -20.5784   399.8638
  185.0401   -21.3997    88.6949
  184.6303   -21.9730    64.4627
  183.2704   -20.4286   308.9964
  184.5773   -20.7180   119.5916
  183.4906   -21.6496   204.9878
  184.2334   -20.3998   186.1534
  183.7229   -21.9159   169.0609
  184.3964   -20.0068   260.2246
  183.8769   -21.0554   193.1577
  184.5354   -20.9565   107.3484
  184.1661   -19.9184   238.7790
  183.9776   -20.8862   197.1532
  183.2828   -21.1318   268.9547
  184.1968   -20.1272   263.8573
  184.7441   -18.8475   220.1031
  184.1914   -20.4927   195.3082
  184.7054   -21.3534    76.5986
  184.5395   -20.7045   128.0065
  184.9782   -19.0022   245.9877
  183.7799   -19.1422   314.8187
  182.8777   -20.1968   494.8412
  179.4026   -23.2382   585.1190
  182.7916   -19.1938   564.8778
  186.0547   -20.0620    71.4369
  181.3391   -20.8930   645.8522
  181.2437   -21.5454   625.0079
  184.9925   -19.8922   132.4832
  182.5269   -21.0361   478.0454
  180.8979   -21.9976   618.0644
  182.4893   -20.0285   434.1502
  182.5417   -21.4438   396.5318
  181.7941   -17.7845   580.2605
  181.7805   -17.8246   594.1376
  180.7354   -23.2658   593.1332
  184.3804   -19.1357   250.4453
  180.2193   -24.4714   680.8207
  181.9235   -17.9740   617.2033
  181.8009   -17.9044   622.8877
  181.0553   -17.2767   554.2641
  181.6509   -17.5051   594.3637
  182.3287   -20.4340   417.5265
  182.0505   -20.2645   592.6717
  182.0964   -20.0226   639.5529
  181.8045   -17.3653   576.9032
  182.3637   -19.9292   426.0474
  182.2755   -20.2965   574.5153
  181.7357   -17.7797   609.1932
  182.6194   -20.6255   499.2836
  181.4482   -17.5269   525.4286
  182.5297   -18.2223   614.9154
  179.3418   -23.7321   632.0897
  181.1486   -21.2958   633.3239
  181.6915   -17.7585   588.0558
  182.0468   -17.9059   600.5244
  181.1962   -22.1828   589.9948
  181.3664   -21.4199   627.9202
  183.3898   -17.9525   376.8102
  181.6419   -17.7706   561.1000
  182.6494   -18.5723   594.3820
  180.4745   -24.8543   595.7030
  181.8753   -17.7213   580.2694
  184.3111   -19.3891   248.4420
  180.8768   -23.4393   547.1916
  181.6893   -21.4353   621.5794
  182.2488   -17.6654   523.6898
  181.7007   -21.6093   560.6632
  181.3419   -23.8389   559.0912
  181.4023   -17.5545   527.6572
  182.7916   -19.2115   575.3739
  182.3221   -20.3111   554.5340
  182.0476   -17.8296   609.0029
  180.8907   -23.2976   541.6284
  182.3406   -18.4312   501.2309
  181.4883   -17.5677   564.9501
  181.0410   -21.6604   641.4262
  181.7841   -20.8443   608.1899
  181.5076   -20.8280   640.7891
  182.2569   -17.7688   488.9695
  181.3370   -21.7092   602.4774
  181.0179   -23.2245   590.3613
  181.6419   -21.0140   644.2442
  182.6576   -18.7634   602.1426
  182.5345   -18.2324   392.9115
  182.4630   -18.4069   580.7832
  183.1817   -18.0654   341.9757
  181.3734   -17.6127   506.3186
  181.4584   -22.8352   557.3671
  182.7281   -18.8217   605.2725
  181.7131   -17.8050   588.7118
  181.0010   -23.3104   567.7232
  181.2044   -21.1296   666.3298
  182.7670   -20.2710   493.6947
  182.9087   -19.2113   621.7308
  180.9214   -23.5466   530.5290
  181.6657   -17.7578   563.4324
  181.8788   -20.3891   594.1885
  182.3841   -20.6045   526.0806
  182.1224   -17.8974   601.1499
  181.4214   -21.2948   599.5038
  182.6822   -19.2608   509.8653
  180.8056   -23.0531   557.5525
  181.6517   -17.5272   529.7368
  183.7309   -20.5644   252.9002
  182.2073   -21.4100   420.9647
  182.4355   -18.1022   586.7097
  181.6619   -17.2735   540.4795
  181.9317   -17.4296   628.2713
  182.6621   -19.3947   550.5886
  182.7356   -19.4531   386.1324
  184.3704   -19.9107   222.9937
  183.1586   -22.5039   253.7589
  182.5357   -19.9066   560.9824
  182.3907   -17.6226   575.2115
  181.8037   -20.7786   636.0409
  181.9213   -17.7975   564.3809
  182.4386   -18.6301   457.2964
  183.9866   -20.3990   234.3543
  182.2043   -20.0788   584.0908
  180.9805   -23.4642   588.7577
  181.8875   -19.9958   609.7124
  180.9564   -21.7808   624.8407
  181.3980   -17.6121   519.6763
  182.6410   -20.2216   502.0119
  181.5256   -17.6236   556.3954
  180.7281   -23.3094   561.3534
  181.5625   -20.8882   626.3615
  178.7179   -23.9872   690.4726
  183.4073   -21.7024   259.7174
  183.3897   -20.3849   324.6825
  182.2774   -21.1783   470.8682
  182.5413   -19.9870   558.2798
  182.0432   -17.8909   640.1072
  181.9254   -17.9856   560.5069
  182.3372   -18.2820   609.0766
  182.3893   -20.3702   547.5002
  182.8210   -20.1244   510.5183
  184.0142   -18.4556   295.8251
  182.6654   -20.0247   383.9436
  181.5917   -17.5713   564.9671
  182.1064   -18.0491   602.0222
  181.8580   -20.7470   585.1039
  181.2780   -23.4167   550.8715
  182.0171   -17.8191   566.2615
  182.7784   -19.1712   548.6926
  181.6525   -17.9116   560.8268
  181.7093   -17.8868   533.4644
  182.7012   -19.7198   552.2722
  182.8177   -19.2935   537.4103
  182.8170   -19.5978   527.2402
  182.6090   -18.2547   393.0106
  182.8169   -22.1444   287.1082
  182.7632   -19.2810   540.6875
  182.3908   -19.6539   457.9170
  181.6847   -21.7134   543.8662
  182.6809   -19.8063   385.5588
  182.8584   -19.4171   540.1251
  182.4661   -20.0442   519.3596
  182.0567   -17.8772   539.4115
  181.6689   -17.7129   574.3608
  181.0491   -21.5030   596.5767
  183.6942   -20.1518   295.1564
  181.7842   -19.6370   677.2665
  182.2354   -20.2774   550.3275
  182.6608   -20.9475   455.4729
  182.8141   -19.5630   528.5745
  182.7735   -19.9866   505.0410
  182.8477   -19.1817   568.9997
  181.1092   -21.8472   640.3445
  182.3818   -18.4190   413.6720
  182.2339   -20.5026   593.0007
  182.7394   -19.0042   494.1696
  182.5771   -21.3285   394.5510
  182.7685   -20.0546   542.4036
  182.7826   -19.2754   568.4875
  182.0002   -17.6499   588.7712
  180.9407   -23.7534   453.3271
  182.5833   -20.1822   523.8188
  182.8356   -19.1564   558.7030
  182.5423   -18.0981   615.1190
  182.1169   -17.8136   506.1769
  182.7276   -20.2767   497.9422
  183.9119   -20.4324   252.6275
  184.3109   -20.3155   199.2926
  184.2172   -20.1085   261.5884
  183.8603   -20.9918   203.5403
  182.1105   -18.3820   458.3080
  183.7654   -21.6925   172.3352
  182.8966   -19.0856   391.2217
  184.6890   -20.0958   208.8762
  184.9899   -20.0496   152.8219
  184.7712   -20.2368   182.0114
  184.0341   -19.8972   259.8817
  185.0100   -20.0643   155.4064
  183.1726   -19.1934   385.5945
  185.2372   -20.1126    78.4519
  184.1555   -20.9474   163.0689
  184.5374   -19.5341   204.4667
  184.6953   -21.0957   113.3294
  185.5451   -20.0377   117.3419
  185.6511   -20.2254   101.3056
  184.9511   -20.9462    81.8001
  184.4804   -20.7082   147.0358
  183.7875   -20.2301   256.5695
  183.8509   -20.7159   225.4753
  183.8852   -20.1926   241.6456
  185.0877   -20.3538   150.8427
  184.4234   -21.4673    96.8850
  183.8869   -20.0188   256.5395
  183.4089   -22.0822   199.4474
  183.8728   -21.3048   168.1153
  182.6684   -20.2544   481.6260
  184.8668   -20.3052   164.4161
  182.8111   -20.3562   381.7259
  184.0386   -20.5116   215.0438
  184.5286   -19.0303   234.0723
  183.8723   -20.0005   258.4163
  183.8774   -22.4212   122.5702
  184.3581   -20.3253   195.6729
  183.7514   -20.5510   256.3084
  184.2028   -21.8412   107.0289
  182.7525   -20.0894   463.9859
  183.6372   -20.7798   228.3310
  183.9054   -21.4572   193.5999
  184.6471   -20.9569   101.9675
  184.1771   -20.4787   201.0602
  182.7200   -20.3981   460.0469
  184.6849   -19.4098   189.1081
  182.6870   -19.0047   453.6374
  182.4169   -18.5203   454.9740
  184.0186   -20.5895   219.7952
  184.5891   -20.0663   164.0011
  183.6360   -20.4696   267.3228
  182.5365   -18.1426   397.1798
  184.4479   -19.6172   224.2706
  184.8141   -19.4881   178.5438
  183.7332   -21.9119   166.4571
  182.2732   -18.2191   425.6811
  184.3159   -21.4896   104.9685
  183.5392   -20.8960   230.8023
  184.7402   -20.7806   154.3236
  184.8499   -21.7957    72.9513
  185.0785   -21.8171    76.8775
  185.3079   -20.6459    59.3418
  182.5896   -21.3038   374.5817
  183.9067   -21.9557   144.7681
  182.3926   -18.9799   402.2999
  184.7007   -21.4251    78.7878
  183.8593   -21.2255   186.3397
  182.4294   -19.2567   405.2939
  184.3499   -20.7568   209.6320
  183.3719   -20.2373   320.1332
  184.8244   -21.9667    55.5909
  184.2176   -21.9409    84.8698
  183.5908   -19.6569   300.1212
  184.3403   -20.1401   202.3350
  183.8936   -21.2708   187.6167
  184.5219   -20.5592   144.3769
  184.3661   -20.2870   177.4069
  184.1927   -21.5552   139.7744
  184.7907   -20.2010   123.6138
  184.0327   -20.7877   200.6114
  184.4371   -19.5942   228.5614
  183.1644   -20.7258   296.1659
  183.6773   -21.7729   174.0692
  182.2906   -19.3279   455.5839
  184.8143   -19.5247   161.3075
  184.8936   -19.9549   182.9503
  182.7343   -20.1341   490.2083
  184.1326   -20.3501   218.8817
  184.8931   -21.7855    75.9850
  185.9052   -19.4285    89.3021
  184.4746   -20.8876   141.4938
  183.8139   -21.5176   181.5840
  182.5409   -19.7256   404.5339
  181.9560   -20.5035   571.1949
  182.6644   -18.8506   612.6428
  182.6885   -18.7794   611.9477
  180.6598   -21.9374   603.7945
  181.6354   -21.0707   581.4851
  182.7019   -20.1447   499.9768
  181.7335   -20.6592   623.2544
  180.5643   -23.6721   574.7595
  181.9010   -17.1466   548.3667
  181.7011   -20.5659   626.5113
  184.0725   -21.3717   158.4178
  181.2085   -21.0383   646.0866
  186.0588   -20.0253    43.6719
  181.6066   -20.7875   618.2258
  184.2680   -19.0076   292.1958
  182.6048   -18.8038   610.3235
  180.6906   -22.1087   598.4839
  181.8897   -17.3701   591.8173
  182.6666   -19.6897   460.2367
  180.9309   -21.9688   611.3053
  181.6506   -17.7842   566.3799
  180.6687   -17.7284   622.8444
  184.6533   -19.3727   251.5014
  186.0559   -20.0498    35.4661
  183.1695   -22.5597   254.2274
  184.9859   -21.4506    66.6825
  181.6599   -17.8677   584.2443
  184.5970   -21.0507   129.9469
  180.4026   -24.3009   661.5623
  182.2233   -19.7097   590.9646
  182.5392   -20.3165   380.4888
  181.7129   -20.5763   605.7374
  182.7883   -20.1177   341.1534
  180.7809   -23.2989   595.0428
  182.0245   -17.5292   540.0355
  182.3432   -20.7042   595.2145
  182.0142   -17.9130   612.9171
  180.1903   -25.1174   655.2334
  184.4596   -18.8177   261.3157
  184.4299   -21.5838    97.5401
  182.6433   -20.3888   386.1859
  181.0730   -23.6676   542.1557
  182.4374   -21.2044   406.6409
  181.0986   -17.1329   550.4535
  182.0586   -20.5627   582.2447
  181.2458   -23.7146   531.8680
  181.8832   -17.9211   616.0634
  182.0606   -20.6232   541.2238
  180.2906   -23.2537   545.8237
  181.9643   -17.8530   630.6157
  182.0970   -20.6754   597.7765
  182.1198   -17.8989   572.8975
  182.7023   -19.2346   594.6876
  180.9767   -23.3926   510.3603
  182.6546   -20.3688   500.8242
  182.4410   -18.2975   605.6811
  182.6349   -20.4994   396.8873
  181.8838   -22.4693   366.5177
  181.6742   -17.6109   552.1740
  183.0679   -21.5491   254.2597
  182.9720   -19.1188   549.3593
  183.5415   -22.6613   147.1904
  182.4835   -18.1280   451.4942
  181.6077   -20.5522   606.6991
  181.6467   -21.9828   528.6263
  182.2631   -20.5993   518.6761
  182.4571   -20.7972   508.8083
  181.7984   -20.5498   625.0587
  182.6967   -20.3729   523.7641
  181.9648   -17.7206   604.2147
  181.4577   -21.0481   627.3786
  181.9442   -17.8655   668.2868
  182.1288   -18.0024   573.5266
  181.6828   -21.2161   595.5112
  182.3185   -20.0832   419.0897
  181.8283   -20.7789   547.9051
  182.1085   -18.4407   454.6609
  180.9761   -21.3912   653.7826
  180.9131   -22.0348   620.9854
  182.0773   -18.5959   454.5615
  182.8916   -19.7848   537.3361
  181.9370   -17.9012   594.1874
  182.1227   -21.1785   562.6616
  181.3512   -17.4199   540.7025
  182.4941   -20.4980   530.0695
  181.8253   -20.7196   589.5366
  181.6578   -21.0370   579.1459
  182.7066   -20.2418   539.8645
  182.3603   -21.6918   414.4441
  180.8018   -17.8839   588.0951
  182.7068   -18.7274   390.9787
  181.9922   -21.0528   630.2711
  181.2835   -21.6903   573.7754
  182.6538   -21.3769   340.8271
  182.5298   -20.6057   522.9148
  181.0170   -22.4280   611.5294
  182.1042   -20.4524   557.4963
  179.3240   -22.7771   621.6162
  182.3481   -21.9901   385.6091
  181.5237   -17.8015   554.7824
  182.8221   -19.0791   549.1787
  182.5973   -18.5000   639.2627
  182.6884   -18.9130   483.1340
  182.0089   -20.6597   607.4750
  182.0180   -17.8663   627.5758
  181.5094   -20.6096   632.7109
  182.2920   -21.4243   444.8116
  181.8062   -17.2836   474.4676
  182.5727   -19.7356   404.7167
  182.0594   -18.1216   637.0141
  182.4413   -17.9823   622.2515
  182.6645   -20.4504   529.0267
  182.5375   -20.2534   516.3982
  182.4895   -20.9896   448.2044
  181.5857   -21.0348   632.4375
  181.6380   -17.8227   567.1852
  181.3343   -17.4230   546.8643
  182.4443   -18.1602   596.2751
  181.6141   -20.9245   577.1535
  181.4428   -17.1521   564.7410
  182.0156   -17.5724   554.6460
  182.6185   -20.4673   490.5839
  182.3150   -20.3249   526.8769
  182.2374   -20.9964   476.4915
  182.7525   -20.3089   491.4906
  182.4055   -22.1424   334.2639
  180.8814   -22.6702   519.1362
  182.7281   -19.5673   541.3335
  180.8644   -22.0684   652.6393
  182.2239   -18.9685   616.4769
  182.7690   -19.9484   357.5247
  181.9849   -17.9500   582.0191
  182.7318   -18.8685   570.0263
  182.8456   -19.1656   353.2476
  182.6268   -19.5637   535.3483
  181.6723   -20.6459   609.7981
  182.9082   -19.0760   540.0600
  182.4267   -17.8860   587.3157
  183.6937   -17.7106   343.6851
  182.5144   -21.4130   384.8251
  182.8553   -19.1684   532.8263
  181.7735   -21.0948   536.4971
  180.9875   -21.6914   625.7685
  182.5677   -20.7220   479.4514
  181.8364   -20.7687   602.4948
  181.9024   -17.8098   603.1486
  181.9757   -17.9117   608.1451
  181.9014   -17.6316   607.4923
  180.9294   -21.9008   605.6016
  180.2296   -24.5737   648.0375
  182.6726   -20.3792   495.3215
  181.7728   -20.5485   596.0925
  181.6560   -17.0771   562.0856
  179.4972   -23.0277   588.5924
  181.6393   -17.6309   543.7328
  182.6617   -20.0320   501.6945
  181.7796   -20.8799   609.0355
  181.8147   -17.5467   542.7888
  181.9828   -20.8999   579.8189
  182.7364   -19.7421   415.0110
  181.9417   -17.9108   595.8258
  184.5719   -19.8459   185.8606
  182.6702   -20.3614   509.8973
  181.8159   -17.8211   586.4057
  181.5071   -17.4144   590.2221
  184.3614   -19.6631   234.2219
  183.6938   -21.9780   172.1602
  179.3326   -22.6251   606.7218
  181.9998   -17.9997   636.2492
  182.5268   -19.8660   414.1079
  181.0063   -23.0468   540.2309
  182.8002   -19.0323   590.5011
  182.7165   -18.5747   587.4042
  182.5315   -18.3441   617.0012
  181.5064   -17.2353   577.9456
  182.2617   -21.2819   499.1096
  181.3629   -17.4655   541.1471
  181.5768   -21.2682   610.9969
  181.4212   -23.4075   564.2604
  180.2547   -24.3577   645.3066
  182.5912   -18.3864   577.0371
  180.9852   -23.0480   577.1098
  182.3732   -19.8333   593.6718
  182.0084   -20.0339   617.4341
  180.9420   -22.4528   547.9152
  181.1946   -20.9425   627.7381
  180.9018   -21.9265   605.0356
