70
F01   -173.91323  -20.79498   -3.852      15    110.00
F02W  -174.43878  -21.34915   -2.602      15    294.50
A01   -175.62353  -21.53393   -1.059      15    182.50
A02W  -175.79002  -21.48948   -2.015      15    332.77
A03   -175.89608  -21.44312   -1.955      12    296.00
S01W  -176.03930  -21.95182   -1.980      15    90.00
A04W  -176.03327  -21.39665   -2.230      9     NaN
A05   -176.17098  -21.35213   -2.368      8     194.03
A06W  -176.32162  -21.30368   -2.137      7     326.18
A07   -176.39428  -21.27432   -2.485      7     11.78
A08W  -176.53015  -21.22695   -2.290      8     342.00
A09   -176.66815  -21.18070   -2.455      8     121.50
S02W  -176.89798  -21.79905   -2.043      8     343.50
A10W  -176.80667  -21.12683   -1.879      9     289.00
A11   -177.02902  -21.04185   -1.990      9     190.50
A12W  -177.25585  -20.98048   -2.574      9     117.20
A13   -177.52587  -20.88538   -2.674      10    NaN
A14W  -178.15528  -20.66583   -0.884      10    180.00
C17W  -177.25982  -20.13078   -2.822      10    279.00
C16W  -176.82893  -20.57038   -2.213      9     181.40
C15   -176.71517  -20.04797   -2.512      9     20.00
C12   -176.28537  -20.05823   -2.587      8     331.00
C07W  -176.09743  -19.99218   -2.648      7     233.01
C04   -175.91985  -20.18355   -2.197      8     NaN
C08W  -176.11707  -20.25207   -2.785      7     115.26
C13   -176.35807  -20.45363   -2.280      8     120.30
C09W  -176.14983  -20.55105   -2.537      7     282.50
C05W  -175.95192  -20.60118   -2.289      8     253.49
C10W  -176.19480  -20.77112   -2.162      7     7.50
C14   -176.44937  -20.83900   -2.286      8     NaN
C11W  -176.25503  -21.03085   -2.214      7     55.90
C06   -176.05473  -20.94770   -2.406      8     207.00
C03W  -175.71670  -20.94145   -2.084      12    337.50
C02   -175.64347  -20.40893   -2.062      9     0.27
C01W  -175.22042  -20.53080   -1.655      15    24.71
B01W  -175.01803  -20.04835   -1.723      15    318.14
B02   -175.19055  -19.99655   -1.495      15    162.00
B03   -175.38548  -19.94138   -2.015      12    94.17
B04W  -175.53455  -19.89177   -2.197      9     20.58
B05W  -175.70513  -19.83780   -2.349      8     287.50
B06   -175.84140  -19.79202   -2.201      8     156.32
N01W  -175.48548  -19.02433   -2.325      9     64.00
B07W  -175.97948  -19.74418   -2.623      7     29.00
B08   -176.06573  -19.71640   -2.625      7     160.50
B09W  -176.19562  -19.65442   -2.626      8     316.00
B10   -176.33322  -19.60712   -2.237      8     52.50
B11W  -176.48042  -19.58037   -2.060      9     18.24
B12   -176.70138  -19.50122   -2.335      9     120.00
N02W  -176.40318  -18.74903   -2.717      8     15.50
N03W  -177.03487  -18.40337   -2.304      9     236.04
B13   -177.26897  -19.29065   -2.077      10    NaN
B14W  -177.98772  -19.04273   -2.219      10    271.63
MSVF  178.05280   -17.74480   0.801 20    0.00
LKBA  -178.81400  -18.20320   0.092 20    0.00
VABL  -178.95600  -17.24650   0.053 20    0.00
CICA  -179.33500  -17.72800   0.012 20    0.00
MOAL  179.95160   -18.56630   0.009 20    0.00
DEBA  178.05530   -18.25340   0.063 20    0.00
TVNI  -179.90590  -16.70890   0.109 20    0.00
LBSA  179.30020   -16.54090   0.140 20    0.00
KDVU  178.16570   -19.04650   0.083 20    0.00
NADI  177.49470   -17.72330   0.027 20    0.00
FOA   -174.29180  -19.73570   0.027 20    0.00
NMKA  -174.79800  -20.25960   0.022 20    0.00
FONI  -174.63080  -20.27960   0.019 20    0.00
PNGI  -174.35000  -19.82480   0.018 20    0.00
VAVP  -173.96140  -18.60200   0.065 20    0.00
TNGA  -175.32510  -21.06350   0.025 20    0.00
EUAP  -174.91230  -21.44270   0.158 20    0.00
SUVA  178.45370   -18.11460   0.043 20    0.00
